0 info it worked if it ends with ok
1 verbose cli [ 'C:\\nodejs\\\\node.exe',
1 verbose cli   'C:\\nodejs\\node_modules\\npm\\bin\\npm-cli.js',
1 verbose cli   'install' ]
2 info using npm@2.2.0
3 info using node@v0.10.8
4 verbose node symlink C:\nodejs\\node.exe
5 verbose install where, deps [ 'C:\\work_ninad\\cb',
5 verbose install   [ 'body-parser',
5 verbose install     'composable-middleware',
5 verbose install     'compression',
5 verbose install     'connect-mongo',
5 verbose install     'cookie-parser',
5 verbose install     'cors',
5 verbose install     'ejs',
5 verbose install     'errorhandler',
5 verbose install     'express',
5 verbose install     'express-jwt',
5 verbose install     'express-session',
5 verbose install     'jsonwebtoken',
5 verbose install     'lodash',
5 verbose install     'method-override',
5 verbose install     'mongoose',
5 verbose install     'morgan',
5 verbose install     'passport',
5 verbose install     'passport-facebook',
5 verbose install     'passport-google-oauth',
5 verbose install     'passport-local',
5 verbose install     'passport-twitter',
5 verbose install     'serve-favicon',
5 verbose install     'socket.io',
5 verbose install     'socket.io-client',
5 verbose install     'socketio-jwt',
5 verbose install     'grunt',
5 verbose install     'grunt-autoprefixer',
5 verbose install     'grunt-wiredep',
5 verbose install     'grunt-concurrent',
5 verbose install     'grunt-contrib-clean',
5 verbose install     'grunt-contrib-concat',
5 verbose install     'grunt-contrib-copy',
5 verbose install     'grunt-contrib-cssmin',
5 verbose install     'grunt-contrib-htmlmin',
5 verbose install     'grunt-contrib-imagemin',
5 verbose install     'grunt-contrib-jshint',
5 verbose install     'grunt-contrib-uglify',
5 verbose install     'grunt-contrib-watch',
5 verbose install     'grunt-google-cdn',
5 verbose install     'grunt-newer',
5 verbose install     'grunt-ng-annotate',
5 verbose install     'grunt-rev',
5 verbose install     'grunt-svgmin',
5 verbose install     'grunt-usemin',
5 verbose install     'grunt-env',
5 verbose install     'grunt-node-inspector',
5 verbose install     'grunt-nodemon',
5 verbose install     'grunt-angular-templates',
5 verbose install     'grunt-dom-munger',
5 verbose install     'grunt-protractor-runner',
5 verbose install     'grunt-asset-injector',
5 verbose install     'grunt-karma',
5 verbose install     'grunt-build-control',
5 verbose install     'grunt-mocha-test',
5 verbose install     'jit-grunt',
5 verbose install     'time-grunt',
5 verbose install     'grunt-express-server',
5 verbose install     'grunt-open',
5 verbose install     'open',
5 verbose install     'jshint-stylish',
5 verbose install     'connect-livereload',
5 verbose install     'karma-ng-scenario',
5 verbose install     'karma-firefox-launcher',
5 verbose install     'karma-script-launcher',
5 verbose install     'karma-html2js-preprocessor',
5 verbose install     'karma-ng-jade2js-preprocessor',
5 verbose install     'karma-jasmine',
5 verbose install     'karma-chrome-launcher',
5 verbose install     'requirejs',
5 verbose install     'karma-requirejs',
5 verbose install     'karma-coffee-preprocessor',
5 verbose install     'karma-jade-preprocessor',
5 verbose install     'karma-phantomjs-launcher',
5 verbose install     'karma',
5 verbose install     'karma-ng-html2js-preprocessor',
5 verbose install     'supertest',
5 verbose install     'should' ] ]
6 verbose install where, peers [ 'C:\\work_ninad\\cb', [] ]
7 info preinstall cb@0.0.0
8 warn package.json karma-coffee-preprocessor@0.2.1 No README data
9 warn package.json karma-phantomjs-launcher@0.1.4 No README data
10 warn package.json passport-local@0.1.6 No README data
11 silly cache add args [ 'passport-facebook@latest', null ]
12 verbose cache add spec passport-facebook@latest
13 silly cache add args [ 'passport-google-oauth@latest', null ]
14 verbose cache add spec passport-google-oauth@latest
15 verbose already installed skipping passport-local@~0.1.6 C:\work_ninad\cb
16 silly cache add args [ 'passport-twitter@latest', null ]
17 verbose cache add spec passport-twitter@latest
18 verbose already installed skipping serve-favicon@~2.0.1 C:\work_ninad\cb
19 verbose already installed skipping socket.io@^1.0.6 C:\work_ninad\cb
20 verbose already installed skipping socket.io-client@^1.0.6 C:\work_ninad\cb
21 verbose already installed skipping socketio-jwt@^2.0.2 C:\work_ninad\cb
22 verbose already installed skipping grunt@~0.4.4 C:\work_ninad\cb
23 silly cache add parsed spec { raw: 'passport-facebook@latest',
23 silly cache add   scope: null,
23 silly cache add   name: 'passport-facebook',
23 silly cache add   rawSpec: 'latest',
23 silly cache add   spec: 'latest',
23 silly cache add   type: 'tag' }
24 verbose addNamed passport-facebook@latest
25 silly addNamed semver.valid null
26 silly addNamed semver.validRange null
27 info addNameTag [ 'passport-facebook', 'latest' ]
28 silly mapToRegistry name passport-facebook
29 silly mapToRegistry using default registry
30 silly mapToRegistry registry https://registry.npmjs.org/
31 silly mapToRegistry uri https://registry.npmjs.org/passport-facebook
32 verbose addNameTag registry:https://registry.npmjs.org/passport-facebook not in flight; fetching
33 silly cache add parsed spec { raw: 'passport-google-oauth@latest',
33 silly cache add   scope: null,
33 silly cache add   name: 'passport-google-oauth',
33 silly cache add   rawSpec: 'latest',
33 silly cache add   spec: 'latest',
33 silly cache add   type: 'tag' }
34 verbose addNamed passport-google-oauth@latest
35 silly addNamed semver.valid null
36 silly addNamed semver.validRange null
37 info addNameTag [ 'passport-google-oauth', 'latest' ]
38 silly mapToRegistry name passport-google-oauth
39 silly mapToRegistry using default registry
40 silly mapToRegistry registry https://registry.npmjs.org/
41 silly mapToRegistry uri https://registry.npmjs.org/passport-google-oauth
42 verbose addNameTag registry:https://registry.npmjs.org/passport-google-oauth not in flight; fetching
43 silly cache add parsed spec { raw: 'passport-twitter@latest',
43 silly cache add   scope: null,
43 silly cache add   name: 'passport-twitter',
43 silly cache add   rawSpec: 'latest',
43 silly cache add   spec: 'latest',
43 silly cache add   type: 'tag' }
44 verbose addNamed passport-twitter@latest
45 silly addNamed semver.valid null
46 silly addNamed semver.validRange null
47 info addNameTag [ 'passport-twitter', 'latest' ]
48 silly mapToRegistry name passport-twitter
49 silly mapToRegistry using default registry
50 silly mapToRegistry registry https://registry.npmjs.org/
51 silly mapToRegistry uri https://registry.npmjs.org/passport-twitter
52 verbose addNameTag registry:https://registry.npmjs.org/passport-twitter not in flight; fetching
53 verbose request uri https://registry.npmjs.org/passport-facebook
54 verbose request no auth needed
55 info attempt registry request try #1 at 19:54:58
56 verbose request id 5a99b0b001a7b8ec
57 verbose etag "2TZ6MPGGIQXI874YHFF3IA6PP"
58 http request GET https://registry.npmjs.org/passport-facebook
59 verbose already installed skipping grunt-contrib-cssmin@~0.9.0 C:\work_ninad\cb
60 verbose already installed skipping grunt-autoprefixer@~0.7.2 C:\work_ninad\cb
61 verbose already installed skipping grunt-contrib-htmlmin@~0.2.0 C:\work_ninad\cb
62 verbose already installed skipping grunt-wiredep@~1.8.0 C:\work_ninad\cb
63 verbose already installed skipping grunt-contrib-imagemin@~0.7.1 C:\work_ninad\cb
64 verbose already installed skipping grunt-contrib-jshint@~0.10.0 C:\work_ninad\cb
65 verbose already installed skipping grunt-concurrent@~0.5.0 C:\work_ninad\cb
66 verbose already installed skipping grunt-contrib-uglify@~0.4.0 C:\work_ninad\cb
67 verbose already installed skipping grunt-contrib-clean@~0.5.0 C:\work_ninad\cb
68 verbose already installed skipping grunt-contrib-watch@~0.6.1 C:\work_ninad\cb
69 verbose already installed skipping grunt-contrib-concat@~0.4.0 C:\work_ninad\cb
70 verbose already installed skipping grunt-google-cdn@~0.4.0 C:\work_ninad\cb
71 verbose already installed skipping grunt-contrib-copy@~0.5.0 C:\work_ninad\cb
72 verbose already installed skipping grunt-newer@~0.7.0 C:\work_ninad\cb
73 verbose already installed skipping grunt-ng-annotate@^0.2.3 C:\work_ninad\cb
74 verbose already installed skipping grunt-rev@~0.1.0 C:\work_ninad\cb
75 verbose already installed skipping grunt-svgmin@~0.4.0 C:\work_ninad\cb
76 verbose request uri https://registry.npmjs.org/passport-google-oauth
77 verbose request no auth needed
78 info attempt registry request try #1 at 19:54:58
79 verbose etag "4NGMVI144S211B8HJO5FNNXHW"
80 http request GET https://registry.npmjs.org/passport-google-oauth
81 verbose request uri https://registry.npmjs.org/passport-twitter
82 verbose request no auth needed
83 info attempt registry request try #1 at 19:54:58
84 verbose etag "8R50OSMS12Y9WCSLKL51DT5SV"
85 http request GET https://registry.npmjs.org/passport-twitter
86 verbose already installed skipping grunt-dom-munger@^3.4.0 C:\work_ninad\cb
87 verbose already installed skipping grunt-usemin@~2.1.1 C:\work_ninad\cb
88 verbose already installed skipping grunt-protractor-runner@^1.1.0 C:\work_ninad\cb
89 verbose already installed skipping grunt-env@~0.4.1 C:\work_ninad\cb
90 verbose already installed skipping grunt-asset-injector@^0.1.0 C:\work_ninad\cb
91 silly cache add args [ 'grunt-node-inspector@~0.1.5', null ]
92 verbose cache add spec grunt-node-inspector@~0.1.5
93 silly cache add parsed spec { raw: 'grunt-node-inspector@~0.1.5',
93 silly cache add   scope: null,
93 silly cache add   name: 'grunt-node-inspector',
93 silly cache add   rawSpec: '~0.1.5',
93 silly cache add   spec: '>=0.1.5 <0.2.0',
93 silly cache add   type: 'range' }
94 verbose addNamed grunt-node-inspector@>=0.1.5 <0.2.0
95 silly addNamed semver.valid null
96 silly addNamed semver.validRange >=0.1.5 <0.2.0
97 silly addNameRange { name: 'grunt-node-inspector',
97 silly addNameRange   range: '>=0.1.5 <0.2.0',
97 silly addNameRange   hasData: false }
98 silly mapToRegistry name grunt-node-inspector
99 silly mapToRegistry using default registry
100 silly mapToRegistry registry https://registry.npmjs.org/
101 silly mapToRegistry uri https://registry.npmjs.org/grunt-node-inspector
102 verbose addNameRange registry:https://registry.npmjs.org/grunt-node-inspector not in flight; fetching
103 verbose already installed skipping grunt-karma@~0.8.2 C:\work_ninad\cb
104 verbose already installed skipping grunt-nodemon@~0.2.0 C:\work_ninad\cb
105 silly cache add args [ 'grunt-build-control@git+https://github.com/DaftMonk/grunt-build-control',
105 silly cache add   null ]
106 verbose cache add spec grunt-build-control@git+https://github.com/DaftMonk/grunt-build-control
107 verbose already installed skipping grunt-angular-templates@^0.5.4 C:\work_ninad\cb
108 verbose already installed skipping grunt-mocha-test@~0.10.2 C:\work_ninad\cb
109 verbose already installed skipping jit-grunt@^0.5.0 C:\work_ninad\cb
110 verbose already installed skipping time-grunt@~0.3.1 C:\work_ninad\cb
111 verbose already installed skipping grunt-express-server@~0.4.17 C:\work_ninad\cb
112 verbose already installed skipping grunt-open@~0.2.3 C:\work_ninad\cb
113 verbose already installed skipping open@~0.0.4 C:\work_ninad\cb
114 verbose already installed skipping jshint-stylish@~0.1.5 C:\work_ninad\cb
115 verbose already installed skipping connect-livereload@~0.4.0 C:\work_ninad\cb
116 silly cache add parsed spec { raw: 'grunt-build-control@git+https://github.com/DaftMonk/grunt-build-control',
116 silly cache add   scope: null,
116 silly cache add   name: 'grunt-build-control',
116 silly cache add   rawSpec: 'git+https://github.com/DaftMonk/grunt-build-control',
116 silly cache add   spec: 'https://github.com/DaftMonk/grunt-build-control',
116 silly cache add   type: 'git' }
117 verbose addRemoteGit u="https://github.com/DaftMonk/grunt-build-control" silent=false
118 silly addRemoteGit normalized { url: 'https://github.com/DaftMonk/grunt-build-control',
118 silly addRemoteGit   branch: 'master' }
119 silly addRemoteGit v https-github-com-DaftMonk-grunt-build-control-7e4d577b
120 verbose addRemoteGit C:\Users\759726\AppData\Roaming\npm-cache\_git-remotes\https-github-com-DaftMonk-grunt-build-control-7e4d577b not in flight; cloning
121 verbose request uri https://registry.npmjs.org/grunt-node-inspector
122 verbose request no auth needed
123 info attempt registry request try #1 at 19:54:58
124 verbose etag "2BHGWD8O82NGXGG80XRNPL978"
125 http request GET https://registry.npmjs.org/grunt-node-inspector
126 verbose already installed skipping karma-script-launcher@~0.1.0 C:\work_ninad\cb
127 verbose already installed skipping karma-ng-scenario@~0.1.0 C:\work_ninad\cb
128 verbose already installed skipping karma-html2js-preprocessor@~0.1.0 C:\work_ninad\cb
129 verbose already installed skipping karma-firefox-launcher@~0.1.3 C:\work_ninad\cb
130 verbose already installed skipping karma-ng-jade2js-preprocessor@^0.1.2 C:\work_ninad\cb
131 verbose already installed skipping karma-jasmine@~0.1.5 C:\work_ninad\cb
132 verbose already installed skipping karma-chrome-launcher@~0.1.3 C:\work_ninad\cb
133 verbose already installed skipping requirejs@~2.1.11 C:\work_ninad\cb
134 verbose already installed skipping karma-requirejs@~0.2.1 C:\work_ninad\cb
135 verbose already installed skipping karma-coffee-preprocessor@~0.2.1 C:\work_ninad\cb
136 info git [ 'config', '--get', 'remote.origin.url' ]
137 verbose already installed skipping karma-jade-preprocessor@0.0.11 C:\work_ninad\cb
138 verbose already installed skipping karma-phantomjs-launcher@~0.1.4 C:\work_ninad\cb
139 verbose already installed skipping karma@~0.12.9 C:\work_ninad\cb
140 verbose already installed skipping karma-ng-html2js-preprocessor@~0.1.0 C:\work_ninad\cb
141 verbose already installed skipping supertest@~0.11.0 C:\work_ninad\cb
142 verbose already installed skipping should@~3.3.1 C:\work_ninad\cb
143 verbose already installed skipping compression@~1.0.1 C:\work_ninad\cb
144 verbose already installed skipping connect-mongo@^0.4.1 C:\work_ninad\cb
145 verbose already installed skipping cookie-parser@~1.0.1 C:\work_ninad\cb
146 verbose already installed skipping cors@^2.7.1 C:\work_ninad\cb
147 verbose already installed skipping body-parser@~1.5.0 C:\work_ninad\cb
148 verbose already installed skipping composable-middleware@^0.3.0 C:\work_ninad\cb
149 verbose already installed skipping ejs@~0.8.4 C:\work_ninad\cb
150 verbose already installed skipping errorhandler@~1.0.0 C:\work_ninad\cb
151 verbose already installed skipping express@~4.0.0 C:\work_ninad\cb
152 verbose already installed skipping express-jwt@^0.1.3 C:\work_ninad\cb
153 verbose already installed skipping express-session@~1.0.2 C:\work_ninad\cb
154 verbose already installed skipping jsonwebtoken@^0.3.0 C:\work_ninad\cb
155 verbose already installed skipping lodash@~2.4.1 C:\work_ninad\cb
156 verbose already installed skipping method-override@~1.0.0 C:\work_ninad\cb
157 verbose already installed skipping mongoose@~3.8.8 C:\work_ninad\cb
158 verbose already installed skipping morgan@~1.0.0 C:\work_ninad\cb
159 verbose already installed skipping passport@~0.2.0 C:\work_ninad\cb
160 verbose git remote.origin.url https://github.com/DaftMonk/grunt-build-control
161 info git [ 'fetch', '-a', 'origin' ]
162 http 304 https://registry.npmjs.org/passport-twitter
163 silly get cb [ 304,
163 silly get   { date: 'Tue, 05 Jan 2016 14:24:58 GMT',
163 silly get     via: '1.1 varnish',
163 silly get     'cache-control': 'max-age=300',
163 silly get     etag: '"8R50OSMS12Y9WCSLKL51DT5SV"',
163 silly get     age: '0',
163 silly get     connection: 'keep-alive',
163 silly get     'x-served-by': 'cache-sin6923-SIN',
163 silly get     'x-cache': 'HIT',
163 silly get     'x-cache-hits': '1',
163 silly get     'x-timer': 'S1452003898.838723,VS0,VE227',
163 silly get     vary: 'Accept' } ]
164 verbose etag https://registry.npmjs.org/passport-twitter from cache
165 silly addNameTag next cb for passport-twitter with tag latest
166 verbose addNamed passport-twitter@1.0.3
167 silly addNamed semver.valid 1.0.3
168 silly addNamed semver.validRange 1.0.3
169 silly cache afterAdd passport-twitter@1.0.3
170 verbose afterAdd C:\Users\759726\AppData\Roaming\npm-cache\passport-twitter\1.0.3\package\package.json not in flight; writing
171 verbose afterAdd C:\Users\759726\AppData\Roaming\npm-cache\passport-twitter\1.0.3\package\package.json written
172 info already installed passport-twitter@1.0.3
173 http 304 https://registry.npmjs.org/passport-facebook
174 silly get cb [ 304,
174 silly get   { date: 'Tue, 05 Jan 2016 14:24:58 GMT',
174 silly get     via: '1.1 varnish',
174 silly get     'cache-control': 'max-age=300',
174 silly get     etag: '"2TZ6MPGGIQXI874YHFF3IA6PP"',
174 silly get     age: '0',
174 silly get     connection: 'keep-alive',
174 silly get     'x-served-by': 'cache-sin6923-SIN',
174 silly get     'x-cache': 'HIT',
174 silly get     'x-cache-hits': '1',
174 silly get     'x-timer': 'S1452003898.789499,VS0,VE261',
174 silly get     vary: 'Accept' } ]
175 verbose etag https://registry.npmjs.org/passport-facebook from cache
176 silly addNameTag next cb for passport-facebook with tag latest
177 verbose addNamed passport-facebook@2.0.0
178 silly addNamed semver.valid 2.0.0
179 silly addNamed semver.validRange 2.0.0
180 silly cache afterAdd passport-facebook@2.0.0
181 verbose afterAdd C:\Users\759726\AppData\Roaming\npm-cache\passport-facebook\2.0.0\package\package.json not in flight; writing
182 verbose afterAdd C:\Users\759726\AppData\Roaming\npm-cache\passport-facebook\2.0.0\package\package.json written
183 info already installed passport-facebook@2.0.0
184 verbose git fetch -a origin (https://github.com/DaftMonk/grunt-build-control)
185 silly verifyOwnership skipping for windows
186 info git [ 'rev-list', '-n1', 'master' ]
187 verbose git rev-list -n1 master 3d03ebbe49f8f963ef43c50af1084a15f56611fa
188 verbose resolved git url git+https://github.com/DaftMonk/grunt-build-control#3d03ebbe49f8f963ef43c50af1084a15f56611fa
189 info git [ 'clone',
189 info git   'C:\\Users\\759726\\AppData\\Roaming\\npm-cache\\_git-remotes\\https-github-com-DaftMonk-grunt-build-control-7e4d577b',
189 info git   'C:\\Users\\759726\\AppData\\Local\\Temp\\npm-9068-63cab0fd\\1452003900448-0.9433541633188725\\3d03ebbe49f8f963ef43c50af1084a15f56611fa' ]
190 error Failed to clone git+https://github.com/DaftMonk/grunt-build-control#3d03ebbe49f8f963ef43c50af1084a15f56611fa from https://github.com/DaftMonk/grunt-build-control fatal: could not create work tree dir 'C:\Users\759726\AppData\Local\Temp\npm-9068-63cab0fd\1452003900448-0.9433541633188725\3d03ebbe49f8f963ef43c50af1084a15f56611fa'.: No such file or directory
191 http 304 https://registry.npmjs.org/grunt-node-inspector
192 silly get cb [ 304,
192 silly get   { date: 'Tue, 05 Jan 2016 14:24:58 GMT',
192 silly get     via: '1.1 varnish',
192 silly get     'cache-control': 'max-age=300',
192 silly get     etag: '"2BHGWD8O82NGXGG80XRNPL978"',
192 silly get     age: '0',
192 silly get     connection: 'keep-alive',
192 silly get     'x-served-by': 'cache-sin6927-SIN',
192 silly get     'x-cache': 'HIT',
192 silly get     'x-cache-hits': '1',
192 silly get     'x-timer': 'S1452003898.856754,VS0,VE907',
192 silly get     vary: 'Accept' } ]
193 verbose etag https://registry.npmjs.org/grunt-node-inspector from cache
194 silly addNameRange number 2 { name: 'grunt-node-inspector',
194 silly addNameRange   range: '>=0.1.5 <0.2.0',
194 silly addNameRange   hasData: true }
195 silly addNameRange versions [ 'grunt-node-inspector',
195 silly addNameRange   [ '0.0.1',
195 silly addNameRange     '0.1.0',
195 silly addNameRange     '0.1.1',
195 silly addNameRange     '0.1.2',
195 silly addNameRange     '0.1.3',
195 silly addNameRange     '0.1.5',
195 silly addNameRange     '0.1.6',
195 silly addNameRange     '0.2.0',
195 silly addNameRange     '0.3.0',
195 silly addNameRange     '0.4.0',
195 silly addNameRange     '0.4.1' ] ]
196 verbose addNamed grunt-node-inspector@0.1.6
197 silly addNamed semver.valid 0.1.6
198 silly addNamed semver.validRange 0.1.6
199 silly cache afterAdd grunt-node-inspector@0.1.6
200 verbose afterAdd C:\Users\759726\AppData\Roaming\npm-cache\grunt-node-inspector\0.1.6\package\package.json not in flight; writing
201 verbose afterAdd C:\Users\759726\AppData\Roaming\npm-cache\grunt-node-inspector\0.1.6\package\package.json written
202 http 304 https://registry.npmjs.org/passport-google-oauth
203 silly get cb [ 304,
203 silly get   { date: 'Tue, 05 Jan 2016 14:24:58 GMT',
203 silly get     via: '1.1 varnish',
203 silly get     'cache-control': 'max-age=300',
203 silly get     etag: '"4NGMVI144S211B8HJO5FNNXHW"',
203 silly get     age: '0',
203 silly get     connection: 'keep-alive',
203 silly get     'x-served-by': 'cache-sin6923-SIN',
203 silly get     'x-cache': 'HIT',
203 silly get     'x-cache-hits': '1',
203 silly get     'x-timer': 'S1452003898.971813,VS0,VE1077',
203 silly get     vary: 'Accept' } ]
204 verbose etag https://registry.npmjs.org/passport-google-oauth from cache
205 silly addNameTag next cb for passport-google-oauth with tag latest
206 verbose addNamed passport-google-oauth@0.2.0
207 silly addNamed semver.valid 0.2.0
208 silly addNamed semver.validRange 0.2.0
209 silly cache afterAdd passport-google-oauth@0.2.0
210 verbose afterAdd C:\Users\759726\AppData\Roaming\npm-cache\passport-google-oauth\0.2.0\package\package.json not in flight; writing
211 verbose afterAdd C:\Users\759726\AppData\Roaming\npm-cache\passport-google-oauth\0.2.0\package\package.json written
212 info already installed passport-google-oauth@0.2.0
213 verbose stack Error: Command failed: fatal: could not create work tree dir 'C:\Users\759726\AppData\Local\Temp\npm-9068-63cab0fd\1452003900448-0.9433541633188725\3d03ebbe49f8f963ef43c50af1084a15f56611fa'.: No such file or directory
213 verbose stack
213 verbose stack     at ChildProcess.exithandler (child_process.js:637:15)
213 verbose stack     at ChildProcess.EventEmitter.emit (events.js:98:17)
213 verbose stack     at maybeClose (child_process.js:735:16)
213 verbose stack     at Process.ChildProcess._handle.onexit (child_process.js:802:5)
214 verbose cwd C:\work_ninad\cb
215 error Windows_NT 6.1.7601
216 error argv "C:\\nodejs\\\\node.exe" "C:\\nodejs\\node_modules\\npm\\bin\\npm-cli.js" "install"
217 error node v0.10.8
218 error npm  v2.2.0
219 error code 128
220 error Command failed: fatal: could not create work tree dir 'C:\Users\759726\AppData\Local\Temp\npm-9068-63cab0fd\1452003900448-0.9433541633188725\3d03ebbe49f8f963ef43c50af1084a15f56611fa'.: No such file or directory
221 error If you need help, you may report this error at:
221 error     <http://github.com/npm/npm/issues>
222 verbose exit [ 1, true ]
