[2016-02-12 13:04:37.976] [TRACE] server - undefined requested for Drive.latestDriveId
[2016-02-12 13:04:37.979] [DEBUG] server - Successfully got driveIds in Drive.latestDriveId
[2016-02-12 13:08:23.904] [TRACE] server - undefined requested for Drive.latestDriveId
[2016-02-12 13:08:23.906] [DEBUG] server - Successfully got driveIds in Drive.latestDriveId
[2016-02-12 14:00:45.215] [TRACE] server - 759726 requested for User.create
[2016-02-12 14:00:45.286] [DEBUG] server - Successfully created Users in User.create
[2016-02-12 14:00:45.492] [TRACE] server - 759726 requested for User.me
[2016-02-12 14:00:45.494] [DEBUG] server - Successfully got User in User.me
[2016-02-12 14:00:45.653] [TRACE] server - 759726 requested for User.me
[2016-02-12 14:00:45.655] [DEBUG] server - Successfully got User in User.me
[2016-02-12 14:00:45.665] [TRACE] server - 759726 requested for User.me
[2016-02-12 14:00:45.666] [DEBUG] server - Successfully got User in User.me
[2016-02-12 14:00:45.705] [TRACE] server - undefined requested for Drive.latestDriveId
[2016-02-12 14:00:45.705] [DEBUG] server - Successfully got driveIds in Drive.latestDriveId
[2016-02-15 13:28:22.415] [TRACE] server - 759726 requested for User.create
[2016-02-15 13:28:22.478] [DEBUG] server - Successfully created Users in User.create
[2016-02-15 13:28:22.946] [TRACE] server - 759726 requested for User.me
[2016-02-15 13:28:22.947] [DEBUG] server - Successfully got User in User.me
[2016-02-15 13:28:23.943] [TRACE] server - undefined requested for Drive.latestDriveId
[2016-02-15 13:28:23.945] [DEBUG] server - Successfully got driveIds in Drive.latestDriveId
[2016-02-15 13:45:52.405] [TRACE] server - undefined requested for Drive.latestDriveId
[2016-02-15 13:45:52.407] [DEBUG] server - Successfully got driveIds in Drive.latestDriveId
[2016-02-15 13:45:53.646] [TRACE] server - 759726 requested for Ride.filterRide
[2016-02-15 13:45:53.655] [DEBUG] server - Successfully got paginated rides in Ride.filterRide
[2016-02-15 13:45:56.297] [TRACE] server - undefined requested for Drive.latestDriveId
[2016-02-15 13:45:56.298] [DEBUG] server - Successfully got driveIds in Drive.latestDriveId
[2016-02-15 18:03:28.115] [TRACE] server - undefined requested for Drive.latestDriveId
[2016-02-15 18:03:28.117] [DEBUG] server - Successfully got driveIds in Drive.latestDriveId
[2016-02-15 18:03:53.700] [TRACE] server - undefined requested for Drive.latestDriveId
[2016-02-15 18:03:53.702] [DEBUG] server - Successfully got driveIds in Drive.latestDriveId
[2016-02-15 18:04:05.570] [TRACE] server - undefined requested for Drive.latestDriveId
[2016-02-15 18:04:05.572] [DEBUG] server - Successfully got driveIds in Drive.latestDriveId
[2016-02-15 18:04:23.112] [TRACE] server - 759726 requested for User.me
[2016-02-15 18:04:23.113] [DEBUG] server - Successfully got User in User.me
[2016-02-15 18:04:23.205] [TRACE] server - undefined requested for Drive.latestDriveId
[2016-02-15 18:04:23.210] [DEBUG] server - Successfully got driveIds in Drive.latestDriveId
[2016-02-15 18:04:26.637] [TRACE] server - undefined requested for Drive.latestDriveId
[2016-02-15 18:04:26.638] [DEBUG] server - Successfully got driveIds in Drive.latestDriveId
[2016-02-15 18:04:30.182] [TRACE] server - undefined requested for Drive.latestDriveId
[2016-02-15 18:04:30.183] [DEBUG] server - Successfully got driveIds in Drive.latestDriveId
[2016-02-15 19:11:33.793] [TRACE] server - undefined requested for User.create
[2016-02-15 19:11:33.794] [FATAL] server - Error in User.create. Error : Error: Invalid password
[2016-02-15 19:19:40.314] [TRACE] server - undefined requested for User.create
[2016-02-15 19:19:40.317] [FATAL] server - Error in User.create. Error : Error: Invalid password
[2016-02-15 19:19:50.135] [TRACE] server - undefined requested for User.create
[2016-02-15 19:19:50.136] [FATAL] server - Error in User.create. Error : Error: Invalid password
[2016-02-15 19:23:20.121] [TRACE] server - undefined requested for User.create
[2016-02-15 19:23:20.123] [FATAL] server - Error in User.create. Error : Error: Invalid password
[2016-02-15 19:23:48.800] [TRACE] server - undefined requested for User.create
[2016-02-15 19:23:48.801] [FATAL] server - Error in User.create. Error : Error: Invalid password
[2016-02-15 19:30:23.738] [TRACE] server - undefined requested for User.create
[2016-02-15 19:30:23.739] [FATAL] server - Error in User.create. Error : Error: Invalid password
[2016-02-15 19:31:15.786] [TRACE] server - undefined requested for User.create
[2016-02-15 19:31:15.788] [FATAL] server - Error in User.create. Error : Error: Invalid password
[2016-02-15 19:31:36.041] [TRACE] server - undefined requested for User.create
[2016-02-15 19:31:36.043] [FATAL] server - Error in User.create. Error : Error: Invalid password
[2016-02-15 19:31:36.075] [TRACE] server - undefined requested for User.create
[2016-02-15 19:31:36.077] [FATAL] server - Error in User.create. Error : Error: Invalid password
[2016-02-15 19:39:47.652] [TRACE] server - 759726 requested for User.update
[2016-02-15 19:39:47.653] [FATAL] server - Error in User.update. Error : CastError: Cast to ObjectId failed for value "undefined" at path "_id"
[2016-02-15 19:41:33.561] [TRACE] server - 759726 requested for User.update
[2016-02-15 19:44:40.433] [TRACE] server - 759726 requested for User.update
[2016-02-15 19:44:40.438] [DEBUG] server - Successfully updated user in User.update
[2016-02-15 19:46:38.317] [TRACE] server - 759726 requested for User.update
[2016-02-15 19:46:38.320] [DEBUG] server - Successfully updated user in User.update
[2016-02-15 19:48:45.928] [TRACE] server - 759726 requested for User.update
[2016-02-15 19:48:45.934] [DEBUG] server - Successfully updated user in User.update
[2016-02-15 19:51:05.232] [TRACE] server - 759726 requested for User.update
[2016-02-15 19:51:05.240] [DEBUG] server - Successfully updated user in User.update
[2016-02-15 20:01:42.061] [TRACE] server - 759726 requested for User.update
[2016-02-15 20:01:42.065] [DEBUG] server - Successfully updated user in User.update
[2016-02-15 20:01:43.460] [TRACE] server - 759726 requested for User.me
[2016-02-15 20:01:43.462] [DEBUG] server - Successfully got User in User.me
[2016-02-15 20:02:01.713] [TRACE] server - undefined requested for Drive.latestDriveId
[2016-02-15 20:02:01.716] [DEBUG] server - Successfully got driveIds in Drive.latestDriveId
